{"api":"/login","level":"info","message":"Login successful","timestamp":"2024-10-18T06:50:42.537Z"}
{"api":"/login","level":"info","message":"Login successful","timestamp":"2024-10-18T06:51:30.921Z"}
{"api":"/getProducts","level":"info","message":"Product Data","timestamp":"2024-10-18T06:51:30.956Z"}
{"api":"/getProducts","level":"info","message":"Product Data","timestamp":"2024-10-18T06:51:30.968Z"}
{"api":"/getCartItems","level":"info","message":"Cart Data","timestamp":"2024-10-18T06:51:36.066Z"}
{"api":"/getCartItems","level":"info","message":"Cart Data","timestamp":"2024-10-18T06:51:36.074Z"}
{"api":"/getProducts","level":"info","message":"Product Data","timestamp":"2024-10-18T06:51:42.096Z"}
{"api":"/getProducts","level":"info","message":"Product Data","timestamp":"2024-10-18T06:51:42.108Z"}
{"api":"/login","level":"info","message":"Login successful","timestamp":"2024-10-18T06:56:21.997Z"}
{"api":"/login","level":"info","message":"Login successful","timestamp":"2024-10-18T07:32:28.519Z"}
{"api":"/getProducts","level":"info","message":"Product Data","timestamp":"2024-10-18T07:32:28.576Z"}
{"api":"/getProducts","level":"info","message":"Product Data","timestamp":"2024-10-18T07:32:28.588Z"}
{"api":"/getProducts","level":"info","message":"Product Data","timestamp":"2024-10-18T07:37:07.926Z"}
{"api":"/getProducts","level":"info","message":"Product Data","timestamp":"2024-10-18T07:37:08.014Z"}
{"api":"/addProductToCart","level":"info","message":"Inserted successfully","timestamp":"2024-10-18T07:38:55.489Z"}
{"api":"/getCartItems","level":"info","message":"Cart Data","timestamp":"2024-10-18T07:38:55.522Z"}
{"api":"/getCartItems","level":"info","message":"Cart Data","timestamp":"2024-10-18T07:38:55.589Z"}
{"api":"/updateProductQuantity/:id","level":"info","message":"Updated successfully","timestamp":"2024-10-18T07:39:03.139Z"}
{"api":"/getCartItems","level":"info","message":"Cart Data","timestamp":"2024-10-18T07:39:03.154Z"}
{"api":"/updateProductQuantity/:id","level":"info","message":"Updated successfully","timestamp":"2024-10-18T07:39:08.208Z"}
{"api":"/getCartItems","level":"info","message":"Cart Data","timestamp":"2024-10-18T07:39:08.221Z"}
{"api":"/removeProductFromTheCart","level":"info","message":"Deleted successfully","timestamp":"2024-10-18T07:39:14.809Z"}
{"api":"/getCartItems","level":"info","message":"Cart Data","timestamp":"2024-10-18T07:39:14.821Z"}
{"api":"/removeProductFromTheCart","level":"info","message":"Deleted successfully","timestamp":"2024-10-18T07:39:20.845Z"}
{"api":"/getCartItems","level":"info","message":"Cart Data not found","timestamp":"2024-10-18T07:39:20.856Z"}
{"api":"/getProducts","level":"info","message":"Product Data","timestamp":"2024-10-18T07:39:23.939Z"}
{"api":"/getProducts","level":"info","message":"Product Data","timestamp":"2024-10-18T07:39:23.949Z"}
{"api":"/addProductToCart","level":"info","message":"Inserted successfully","timestamp":"2024-10-18T07:39:29.979Z"}
{"api":"/getCartItems","level":"info","message":"Cart Data","timestamp":"2024-10-18T07:39:30.008Z"}
{"api":"/getCartItems","level":"info","message":"Cart Data","timestamp":"2024-10-18T07:39:30.017Z"}
{"api":"/getProducts","level":"info","message":"Product Data","timestamp":"2024-10-18T07:40:24.614Z"}
{"api":"/getProducts","level":"info","message":"Product Data","timestamp":"2024-10-18T07:40:24.624Z"}
{"api":"/login","level":"info","message":"Login successful","timestamp":"2024-10-18T07:56:36.097Z"}
{"api":"/login","level":"info","message":"Login successful","timestamp":"2024-10-18T07:56:59.354Z"}
{"api":"/getProducts","level":"info","message":"Product Data","timestamp":"2024-10-18T08:05:53.466Z"}
{"api":"/getCartItems","level":"info","message":"Cart Data","timestamp":"2024-10-18T08:06:23.734Z"}
{"api":"/getCartItems","level":"info","message":"Cart Data","timestamp":"2024-10-18T08:06:23.751Z"}
{"api":"/removeProductFromTheCart","level":"info","message":"Deleted successfully","timestamp":"2024-10-18T08:06:24.928Z"}
{"api":"/getCartItems","level":"info","message":"Cart Data not found","timestamp":"2024-10-18T08:06:24.939Z"}
{"api":"/getProducts","level":"info","message":"Product Data","timestamp":"2024-10-18T08:06:26.275Z"}
{"api":"/getProducts","level":"info","message":"Product Data","timestamp":"2024-10-18T08:06:26.285Z"}
{"api":"/addProductToCart","level":"info","message":"Inserted successfully","timestamp":"2024-10-18T08:08:03.782Z"}
{"api":"/getCartItems","level":"info","message":"Cart Data","timestamp":"2024-10-18T08:08:49.085Z"}
{"api":"/getCartItems","level":"info","message":"Cart Data","timestamp":"2024-10-18T08:08:49.096Z"}
{"api":"/updateProductQuantity/:id","level":"info","message":"Updated successfully","timestamp":"2024-10-18T08:08:53.904Z"}
{"api":"/getCartItems","level":"info","message":"Cart Data","timestamp":"2024-10-18T08:08:53.919Z"}
{"api":"/removeProductFromTheCart","level":"info","message":"Deleted successfully","timestamp":"2024-10-18T08:09:23.166Z"}
{"api":"/getCartItems","level":"info","message":"Cart Data not found","timestamp":"2024-10-18T08:09:23.180Z"}
{"api":"/getProducts","level":"info","message":"Product Data","timestamp":"2024-10-18T08:09:24.634Z"}
{"api":"/getProducts","level":"info","message":"Product Data","timestamp":"2024-10-18T08:09:24.649Z"}
{"api":"/getProducts","level":"info","message":"Product Data","timestamp":"2024-10-18T08:09:26.708Z"}
{"api":"/getProducts","level":"info","message":"Product Data","timestamp":"2024-10-18T08:09:26.719Z"}
{"api":"/addProductToCart","level":"info","message":"Inserted successfully","timestamp":"2024-10-18T08:09:29.202Z"}
{"api":"/getCartItems","level":"info","message":"Cart Data","timestamp":"2024-10-18T08:09:29.227Z"}
{"api":"/getCartItems","level":"info","message":"Cart Data","timestamp":"2024-10-18T08:09:29.249Z"}
{"api":"/getProducts","level":"info","message":"Product Data","timestamp":"2024-10-18T08:10:31.799Z"}
{"api":"/getProducts","level":"info","message":"Product Data","timestamp":"2024-10-18T08:10:31.810Z"}
{"api":"/addProductToCart","level":"info","message":"Inserted successfully","timestamp":"2024-10-18T08:10:35.220Z"}
{"api":"/getCartItems","level":"info","message":"Cart Data","timestamp":"2024-10-18T08:10:35.253Z"}
{"api":"/getCartItems","level":"info","message":"Cart Data","timestamp":"2024-10-18T08:10:35.271Z"}
{"api":"/getProducts","level":"info","message":"Product Data","timestamp":"2024-10-18T08:11:03.181Z"}
{"api":"/getProducts","level":"info","message":"Product Data","timestamp":"2024-10-18T08:11:03.215Z"}
{"api":"/addProductToCart","level":"info","message":"Inserted successfully","timestamp":"2024-10-18T08:11:05.891Z"}
{"api":"/getCartItems","level":"info","message":"Cart Data","timestamp":"2024-10-18T08:11:05.914Z"}
{"api":"/getCartItems","level":"info","message":"Cart Data","timestamp":"2024-10-18T08:11:05.929Z"}
{"api":"/getProducts","level":"info","message":"Product Data","timestamp":"2024-10-18T08:11:54.319Z"}
{"api":"/getProducts","level":"info","message":"Product Data","timestamp":"2024-10-18T08:11:54.335Z"}
{"api":"/addProductToCart","level":"info","message":"Inserted successfully","timestamp":"2024-10-18T08:11:59.526Z"}
{"api":"/getCartItems","level":"info","message":"Cart Data","timestamp":"2024-10-18T08:11:59.566Z"}
{"api":"/getCartItems","level":"info","message":"Cart Data","timestamp":"2024-10-18T08:11:59.579Z"}
{"api":"/getProducts","level":"info","message":"Product Data","timestamp":"2024-10-18T08:12:17.288Z"}
{"api":"/getProducts","level":"info","message":"Product Data","timestamp":"2024-10-18T08:12:17.313Z"}
{"api":"/addProductToCart","level":"info","message":"Inserted successfully","timestamp":"2024-10-18T08:12:19.753Z"}
{"api":"/getCartItems","level":"info","message":"Cart Data","timestamp":"2024-10-18T08:12:19.787Z"}
{"api":"/getCartItems","level":"info","message":"Cart Data","timestamp":"2024-10-18T08:12:19.805Z"}
{"api":"/getProducts","level":"info","message":"Product Data","timestamp":"2024-10-18T08:12:32.969Z"}
{"api":"/getProducts","level":"info","message":"Product Data","timestamp":"2024-10-18T08:12:33.018Z"}
{"api":"/addProductToCart","level":"info","message":"Can't able to add product to the cart stocks not available","timestamp":"2024-10-18T08:12:37.963Z"}
{"api":"/getProducts","level":"info","message":"Product Data","timestamp":"2024-10-18T08:14:22.991Z"}
{"api":"/getProducts","level":"info","message":"Product Data","timestamp":"2024-10-18T08:14:27.170Z"}
{"api":"/getProducts","level":"info","message":"Product Data","timestamp":"2024-10-18T08:14:27.207Z"}
{"api":"/getProducts","level":"info","message":"Product Data","timestamp":"2024-10-18T08:16:02.562Z"}
{"api":"/getProducts","level":"info","message":"Product Data","timestamp":"2024-10-18T08:16:07.169Z"}
{"api":"/getProducts","level":"info","message":"Product Data","timestamp":"2024-10-18T08:16:07.181Z"}
{"api":"/getProducts","level":"info","message":"Product Data","timestamp":"2024-10-18T08:16:45.489Z"}
{"api":"/getProducts","level":"info","message":"Product Data","timestamp":"2024-10-18T08:17:14.481Z"}
{"api":"/getProducts","level":"info","message":"Product Data","timestamp":"2024-10-18T08:17:17.988Z"}
{"api":"/getProducts","level":"info","message":"Product Data","timestamp":"2024-10-18T08:17:17.998Z"}
{"api":"/getProducts","level":"info","message":"Product Data","timestamp":"2024-10-18T08:17:49.594Z"}
{"api":"/getProducts","level":"info","message":"Product Data","timestamp":"2024-10-18T08:18:22.568Z"}
{"api":"/getProducts","level":"info","message":"Product Data","timestamp":"2024-10-18T08:18:25.875Z"}
{"api":"/getProducts","level":"info","message":"Product Data","timestamp":"2024-10-18T08:18:25.895Z"}
{"api":"/getProducts","level":"info","message":"Product Data","timestamp":"2024-10-18T08:18:26.303Z"}
{"api":"/getProducts","level":"info","message":"Product Data","timestamp":"2024-10-18T08:18:26.317Z"}
{"api":"/getProducts","level":"info","message":"Product Data","timestamp":"2024-10-18T08:19:09.119Z"}
{"api":"/getCartItems","level":"info","message":"Cart Data","timestamp":"2024-10-18T08:20:09.063Z"}
{"api":"/getCartItems","level":"info","message":"Cart Data","timestamp":"2024-10-18T08:20:09.069Z"}
{"api":"/getProducts","level":"info","message":"Product Data","timestamp":"2024-10-18T08:20:29.410Z"}
{"api":"/getProducts","level":"info","message":"Product Data","timestamp":"2024-10-18T08:20:29.421Z"}
{"api":"/login","level":"info","message":"Login successful","timestamp":"2024-10-18T08:20:39.867Z"}
{"api":"/getProducts","level":"info","message":"Product Data","timestamp":"2024-10-18T08:20:39.908Z"}
{"api":"/getProducts","level":"info","message":"Product Data","timestamp":"2024-10-18T08:20:39.924Z"}
{"api":"/getCartItems","level":"info","message":"Cart Data not found","timestamp":"2024-10-18T08:20:41.652Z"}
{"api":"/getCartItems","level":"info","message":"Cart Data not found","timestamp":"2024-10-18T08:20:41.658Z"}
{"api":"/getProducts","level":"info","message":"Product Data","timestamp":"2024-10-18T08:24:31.732Z"}
{"api":"/getProducts","level":"info","message":"Product Data","timestamp":"2024-10-18T08:24:31.737Z"}
{"api":"/login","level":"info","message":"Login successful","timestamp":"2024-10-18T08:24:38.852Z"}
{"api":"/getProducts","level":"info","message":"Product Data","timestamp":"2024-10-18T08:24:38.875Z"}
{"api":"/getProducts","level":"info","message":"Product Data","timestamp":"2024-10-18T08:24:38.882Z"}
{"api":"/getCartItems","level":"info","message":"Cart Data","timestamp":"2024-10-18T08:24:41.157Z"}
{"api":"/getCartItems","level":"info","message":"Cart Data","timestamp":"2024-10-18T08:24:41.164Z"}
{"api":"/getProducts","level":"info","message":"Product Data","timestamp":"2024-10-18T08:24:43.879Z"}
{"api":"/getProducts","level":"info","message":"Product Data","timestamp":"2024-10-18T08:24:43.891Z"}
{"api":"/getProducts","level":"info","message":"Product Data","timestamp":"2024-10-18T08:25:33.264Z"}
{"api":"/getProducts","level":"info","message":"Product Data","timestamp":"2024-10-18T08:25:33.273Z"}
{"api":"/getCartItems","level":"info","message":"Cart Data","timestamp":"2024-10-18T08:25:36.233Z"}
{"api":"/getCartItems","level":"info","message":"Cart Data","timestamp":"2024-10-18T08:25:36.239Z"}
{"api":"/getProducts","level":"info","message":"Product Data","timestamp":"2024-10-18T08:25:38.475Z"}
{"api":"/getProducts","level":"info","message":"Product Data","timestamp":"2024-10-18T08:25:38.480Z"}
{"api":"/getProducts","level":"info","message":"Product Data","timestamp":"2024-10-18T08:27:56.489Z"}
{"api":"/getProducts","level":"info","message":"Product Data","timestamp":"2024-10-18T08:28:00.229Z"}
{"api":"/getProducts","level":"info","message":"Product Data","timestamp":"2024-10-18T08:28:00.235Z"}
{"api":"/getProducts","level":"info","message":"Product Data","timestamp":"2024-10-18T08:28:21.490Z"}
{"api":"/getProducts","level":"info","message":"Product Data","timestamp":"2024-10-18T08:28:42.071Z"}
{"api":"/getProducts","level":"info","message":"Product Data","timestamp":"2024-10-18T08:28:43.922Z"}
{"api":"/getProducts","level":"info","message":"Product Data","timestamp":"2024-10-18T08:28:43.928Z"}
{"api":"/getProducts","level":"info","message":"Product Data","timestamp":"2024-10-18T08:29:10.173Z"}
{"api":"/getProducts","level":"info","message":"Product Data","timestamp":"2024-10-18T08:29:29.271Z"}
